2018/01/11 17:04:08 [error] [php] count(): Parameter must be an array or an object that implements Countable (C:\Users\office1\prove\xampp\htdocs\yii\framework\gii\generators\model\ModelCode.php:371)
Stack trace:
#0 C:\Users\office1\prove\xampp\htdocs\yii\framework\gii\CCodeGenerator.php(162): ModelCode->prepare()
#1 C:\Users\office1\prove\xampp\htdocs\yii\framework\gii\CCodeGenerator.php(63): ModelGenerator->prepare()
#2 C:\Users\office1\prove\xampp\htdocs\yii\framework\web\actions\CInlineAction.php(49): ModelGenerator->actionIndex()
#3 C:\Users\office1\prove\xampp\htdocs\yii\framework\web\CController.php(308): CInlineAction->runWithParams()
#4 C:\Users\office1\prove\xampp\htdocs\yii\framework\web\CController.php(286): ModelGenerator->runAction()
#5 C:\Users\office1\prove\xampp\htdocs\yii\framework\web\CController.php(265): ModelGenerator->runActionWithFilters()
#6 C:\Users\office1\prove\xampp\htdocs\yii\framework\web\CWebApplication.php(282): ModelGenerator->run()
#7 C:\Users\office1\prove\xampp\htdocs\yii\framework\web\CWebApplication.php(141): CWebApplication->runController()
#8 C:\Users\office1\prove\xampp\htdocs\yii\framework\base\CApplication.php(185): CWebApplication->processRequest()
#9 C:\Users\office1\prove\xampp\htdocs\yii\webapp\index.php(13): CWebApplication->run()
REQUEST_URI=/yii/webapp/index.php/gii/model/index
in C:\Users\office1\prove\xampp\htdocs\yii\webapp\index.php (13)
2018/01/11 17:05:18 [error] [php] count(): Parameter must be an array or an object that implements Countable (C:\Users\office1\prove\xampp\htdocs\yii\framework\gii\generators\model\ModelCode.php:371)
Stack trace:
#0 C:\Users\office1\prove\xampp\htdocs\yii\framework\gii\CCodeGenerator.php(162): ModelCode->prepare()
#1 C:\Users\office1\prove\xampp\htdocs\yii\framework\gii\CCodeGenerator.php(63): ModelGenerator->prepare()
#2 C:\Users\office1\prove\xampp\htdocs\yii\framework\web\actions\CInlineAction.php(49): ModelGenerator->actionIndex()
#3 C:\Users\office1\prove\xampp\htdocs\yii\framework\web\CController.php(308): CInlineAction->runWithParams()
#4 C:\Users\office1\prove\xampp\htdocs\yii\framework\web\CController.php(286): ModelGenerator->runAction()
#5 C:\Users\office1\prove\xampp\htdocs\yii\framework\web\CController.php(265): ModelGenerator->runActionWithFilters()
#6 C:\Users\office1\prove\xampp\htdocs\yii\framework\web\CWebApplication.php(282): ModelGenerator->run()
#7 C:\Users\office1\prove\xampp\htdocs\yii\framework\web\CWebApplication.php(141): CWebApplication->runController()
#8 C:\Users\office1\prove\xampp\htdocs\yii\framework\base\CApplication.php(185): CWebApplication->processRequest()
#9 C:\Users\office1\prove\xampp\htdocs\yii\webapp\index.php(13): CWebApplication->run()
REQUEST_URI=/yii/webapp/index.php/gii/model/index
in C:\Users\office1\prove\xampp\htdocs\yii\webapp\index.php (13)
2018/01/11 17:09:06 [error] [php] count(): Parameter must be an array or an object that implements Countable (C:\Users\office1\prove\xampp\htdocs\yii\framework\gii\generators\model\ModelCode.php:371)
Stack trace:
#0 C:\Users\office1\prove\xampp\htdocs\yii\framework\gii\CCodeGenerator.php(162): ModelCode->prepare()
#1 C:\Users\office1\prove\xampp\htdocs\yii\framework\gii\CCodeGenerator.php(63): ModelGenerator->prepare()
#2 C:\Users\office1\prove\xampp\htdocs\yii\framework\web\actions\CInlineAction.php(49): ModelGenerator->actionIndex()
#3 C:\Users\office1\prove\xampp\htdocs\yii\framework\web\CController.php(308): CInlineAction->runWithParams()
#4 C:\Users\office1\prove\xampp\htdocs\yii\framework\web\CController.php(286): ModelGenerator->runAction()
#5 C:\Users\office1\prove\xampp\htdocs\yii\framework\web\CController.php(265): ModelGenerator->runActionWithFilters()
#6 C:\Users\office1\prove\xampp\htdocs\yii\framework\web\CWebApplication.php(282): ModelGenerator->run()
#7 C:\Users\office1\prove\xampp\htdocs\yii\framework\web\CWebApplication.php(141): CWebApplication->runController()
#8 C:\Users\office1\prove\xampp\htdocs\yii\framework\base\CApplication.php(185): CWebApplication->processRequest()
#9 C:\Users\office1\prove\xampp\htdocs\yii\webapp\index.php(13): CWebApplication->run()
REQUEST_URI=/yii/webapp/index.php/gii/model/index
in C:\Users\office1\prove\xampp\htdocs\yii\webapp\index.php (13)
2018/01/11 17:09:37 [error] [php] count(): Parameter must be an array or an object that implements Countable (C:\Users\office1\prove\xampp\htdocs\yii\framework\gii\generators\model\ModelCode.php:371)
Stack trace:
#0 C:\Users\office1\prove\xampp\htdocs\yii\framework\gii\CCodeGenerator.php(162): ModelCode->prepare()
#1 C:\Users\office1\prove\xampp\htdocs\yii\framework\gii\CCodeGenerator.php(63): ModelGenerator->prepare()
#2 C:\Users\office1\prove\xampp\htdocs\yii\framework\web\actions\CInlineAction.php(49): ModelGenerator->actionIndex()
#3 C:\Users\office1\prove\xampp\htdocs\yii\framework\web\CController.php(308): CInlineAction->runWithParams()
#4 C:\Users\office1\prove\xampp\htdocs\yii\framework\web\CController.php(286): ModelGenerator->runAction()
#5 C:\Users\office1\prove\xampp\htdocs\yii\framework\web\CController.php(265): ModelGenerator->runActionWithFilters()
#6 C:\Users\office1\prove\xampp\htdocs\yii\framework\web\CWebApplication.php(282): ModelGenerator->run()
#7 C:\Users\office1\prove\xampp\htdocs\yii\framework\web\CWebApplication.php(141): CWebApplication->runController()
#8 C:\Users\office1\prove\xampp\htdocs\yii\framework\base\CApplication.php(185): CWebApplication->processRequest()
#9 C:\Users\office1\prove\xampp\htdocs\yii\webapp\index.php(13): CWebApplication->run()
REQUEST_URI=/yii/webapp/index.php/gii/model/index
in C:\Users\office1\prove\xampp\htdocs\yii\webapp\index.php (13)
2018/01/11 17:11:46 [error] [php] count(): Parameter must be an array or an object that implements Countable (C:\Users\office1\prove\xampp\htdocs\yii\framework\gii\generators\model\ModelCode.php:371)
Stack trace:
#0 C:\Users\office1\prove\xampp\htdocs\yii\framework\gii\CCodeGenerator.php(162): ModelCode->prepare()
#1 C:\Users\office1\prove\xampp\htdocs\yii\framework\gii\CCodeGenerator.php(63): ModelGenerator->prepare()
#2 C:\Users\office1\prove\xampp\htdocs\yii\framework\web\actions\CInlineAction.php(49): ModelGenerator->actionIndex()
#3 C:\Users\office1\prove\xampp\htdocs\yii\framework\web\CController.php(308): CInlineAction->runWithParams()
#4 C:\Users\office1\prove\xampp\htdocs\yii\framework\web\CController.php(286): ModelGenerator->runAction()
#5 C:\Users\office1\prove\xampp\htdocs\yii\framework\web\CController.php(265): ModelGenerator->runActionWithFilters()
#6 C:\Users\office1\prove\xampp\htdocs\yii\framework\web\CWebApplication.php(282): ModelGenerator->run()
#7 C:\Users\office1\prove\xampp\htdocs\yii\framework\web\CWebApplication.php(141): CWebApplication->runController()
#8 C:\Users\office1\prove\xampp\htdocs\yii\framework\base\CApplication.php(185): CWebApplication->processRequest()
#9 C:\Users\office1\prove\xampp\htdocs\yii\webapp\index.php(13): CWebApplication->run()
REQUEST_URI=/yii/webapp/index.php/gii/model/index
in C:\Users\office1\prove\xampp\htdocs\yii\webapp\index.php (13)
2018/01/11 17:11:51 [error] [php] count(): Parameter must be an array or an object that implements Countable (C:\Users\office1\prove\xampp\htdocs\yii\framework\gii\generators\model\ModelCode.php:371)
Stack trace:
#0 C:\Users\office1\prove\xampp\htdocs\yii\framework\gii\CCodeGenerator.php(162): ModelCode->prepare()
#1 C:\Users\office1\prove\xampp\htdocs\yii\framework\gii\CCodeGenerator.php(63): ModelGenerator->prepare()
#2 C:\Users\office1\prove\xampp\htdocs\yii\framework\web\actions\CInlineAction.php(49): ModelGenerator->actionIndex()
#3 C:\Users\office1\prove\xampp\htdocs\yii\framework\web\CController.php(308): CInlineAction->runWithParams()
#4 C:\Users\office1\prove\xampp\htdocs\yii\framework\web\CController.php(286): ModelGenerator->runAction()
#5 C:\Users\office1\prove\xampp\htdocs\yii\framework\web\CController.php(265): ModelGenerator->runActionWithFilters()
#6 C:\Users\office1\prove\xampp\htdocs\yii\framework\web\CWebApplication.php(282): ModelGenerator->run()
#7 C:\Users\office1\prove\xampp\htdocs\yii\framework\web\CWebApplication.php(141): CWebApplication->runController()
#8 C:\Users\office1\prove\xampp\htdocs\yii\framework\base\CApplication.php(185): CWebApplication->processRequest()
#9 C:\Users\office1\prove\xampp\htdocs\yii\webapp\index.php(13): CWebApplication->run()
REQUEST_URI=/yii/webapp/index.php/gii/model/index
in C:\Users\office1\prove\xampp\htdocs\yii\webapp\index.php (13)
2018/01/11 17:11:59 [error] [php] count(): Parameter must be an array or an object that implements Countable (C:\Users\office1\prove\xampp\htdocs\yii\framework\gii\generators\model\ModelCode.php:371)
Stack trace:
#0 C:\Users\office1\prove\xampp\htdocs\yii\framework\gii\CCodeGenerator.php(162): ModelCode->prepare()
#1 C:\Users\office1\prove\xampp\htdocs\yii\framework\gii\CCodeGenerator.php(63): ModelGenerator->prepare()
#2 C:\Users\office1\prove\xampp\htdocs\yii\framework\web\actions\CInlineAction.php(49): ModelGenerator->actionIndex()
#3 C:\Users\office1\prove\xampp\htdocs\yii\framework\web\CController.php(308): CInlineAction->runWithParams()
#4 C:\Users\office1\prove\xampp\htdocs\yii\framework\web\CController.php(286): ModelGenerator->runAction()
#5 C:\Users\office1\prove\xampp\htdocs\yii\framework\web\CController.php(265): ModelGenerator->runActionWithFilters()
#6 C:\Users\office1\prove\xampp\htdocs\yii\framework\web\CWebApplication.php(282): ModelGenerator->run()
#7 C:\Users\office1\prove\xampp\htdocs\yii\framework\web\CWebApplication.php(141): CWebApplication->runController()
#8 C:\Users\office1\prove\xampp\htdocs\yii\framework\base\CApplication.php(185): CWebApplication->processRequest()
#9 C:\Users\office1\prove\xampp\htdocs\yii\webapp\index.php(13): CWebApplication->run()
REQUEST_URI=/yii/webapp/index.php/gii/model/index
in C:\Users\office1\prove\xampp\htdocs\yii\webapp\index.php (13)
2018/01/11 17:17:10 [error] [php] count(): Parameter must be an array or an object that implements Countable (C:\Users\office1\prove\xampp\htdocs\yii\framework\gii\generators\model\ModelCode.php:371)
Stack trace:
#0 C:\Users\office1\prove\xampp\htdocs\yii\framework\gii\CCodeGenerator.php(162): ModelCode->prepare()
#1 C:\Users\office1\prove\xampp\htdocs\yii\framework\gii\CCodeGenerator.php(63): ModelGenerator->prepare()
#2 C:\Users\office1\prove\xampp\htdocs\yii\framework\web\actions\CInlineAction.php(49): ModelGenerator->actionIndex()
#3 C:\Users\office1\prove\xampp\htdocs\yii\framework\web\CController.php(308): CInlineAction->runWithParams()
#4 C:\Users\office1\prove\xampp\htdocs\yii\framework\web\CController.php(286): ModelGenerator->runAction()
#5 C:\Users\office1\prove\xampp\htdocs\yii\framework\web\CController.php(265): ModelGenerator->runActionWithFilters()
#6 C:\Users\office1\prove\xampp\htdocs\yii\framework\web\CWebApplication.php(282): ModelGenerator->run()
#7 C:\Users\office1\prove\xampp\htdocs\yii\framework\web\CWebApplication.php(141): CWebApplication->runController()
#8 C:\Users\office1\prove\xampp\htdocs\yii\framework\base\CApplication.php(185): CWebApplication->processRequest()
#9 C:\Users\office1\prove\xampp\htdocs\yii\webapp\index.php(13): CWebApplication->run()
REQUEST_URI=/yii/webapp/index.php/gii/model/index
in C:\Users\office1\prove\xampp\htdocs\yii\webapp\index.php (13)
2018/01/11 17:23:48 [error] [php] count(): Parameter must be an array or an object that implements Countable (C:\Users\office1\prove\xampp\htdocs\yii\framework\gii\generators\model\ModelCode.php:371)
Stack trace:
#0 C:\Users\office1\prove\xampp\htdocs\yii\framework\gii\CCodeGenerator.php(162): ModelCode->prepare()
#1 C:\Users\office1\prove\xampp\htdocs\yii\framework\gii\CCodeGenerator.php(63): ModelGenerator->prepare()
#2 C:\Users\office1\prove\xampp\htdocs\yii\framework\web\actions\CInlineAction.php(49): ModelGenerator->actionIndex()
#3 C:\Users\office1\prove\xampp\htdocs\yii\framework\web\CController.php(308): CInlineAction->runWithParams()
#4 C:\Users\office1\prove\xampp\htdocs\yii\framework\web\CController.php(286): ModelGenerator->runAction()
#5 C:\Users\office1\prove\xampp\htdocs\yii\framework\web\CController.php(265): ModelGenerator->runActionWithFilters()
#6 C:\Users\office1\prove\xampp\htdocs\yii\framework\web\CWebApplication.php(282): ModelGenerator->run()
#7 C:\Users\office1\prove\xampp\htdocs\yii\framework\web\CWebApplication.php(141): CWebApplication->runController()
#8 C:\Users\office1\prove\xampp\htdocs\yii\framework\base\CApplication.php(185): CWebApplication->processRequest()
#9 C:\Users\office1\prove\xampp\htdocs\yii\webapp\index.php(13): CWebApplication->run()
REQUEST_URI=/yii/webapp/index.php/gii/model/index
in C:\Users\office1\prove\xampp\htdocs\yii\webapp\index.php (13)
2018/01/11 17:33:47 [error] [php] count(): Parameter must be an array or an object that implements Countable (C:\Users\office1\prove\xampp\htdocs\yii\framework\gii\generators\model\ModelCode.php:371)
Stack trace:
#0 C:\Users\office1\prove\xampp\htdocs\yii\framework\gii\CCodeGenerator.php(162): ModelCode->prepare()
#1 C:\Users\office1\prove\xampp\htdocs\yii\framework\gii\CCodeGenerator.php(63): ModelGenerator->prepare()
#2 C:\Users\office1\prove\xampp\htdocs\yii\framework\web\actions\CInlineAction.php(49): ModelGenerator->actionIndex()
#3 C:\Users\office1\prove\xampp\htdocs\yii\framework\web\CController.php(308): CInlineAction->runWithParams()
#4 C:\Users\office1\prove\xampp\htdocs\yii\framework\web\CController.php(286): ModelGenerator->runAction()
#5 C:\Users\office1\prove\xampp\htdocs\yii\framework\web\CController.php(265): ModelGenerator->runActionWithFilters()
#6 C:\Users\office1\prove\xampp\htdocs\yii\framework\web\CWebApplication.php(282): ModelGenerator->run()
#7 C:\Users\office1\prove\xampp\htdocs\yii\framework\web\CWebApplication.php(141): CWebApplication->runController()
#8 C:\Users\office1\prove\xampp\htdocs\yii\framework\base\CApplication.php(185): CWebApplication->processRequest()
#9 C:\Users\office1\prove\xampp\htdocs\yii\webapp\index.php(13): CWebApplication->run()
REQUEST_URI=/yii/webapp/index.php/gii/model/index
in C:\Users\office1\prove\xampp\htdocs\yii\webapp\index.php (13)
2018/01/11 17:33:56 [error] [php] count(): Parameter must be an array or an object that implements Countable (C:\Users\office1\prove\xampp\htdocs\yii\framework\gii\generators\model\ModelCode.php:371)
Stack trace:
#0 C:\Users\office1\prove\xampp\htdocs\yii\framework\gii\CCodeGenerator.php(162): ModelCode->prepare()
#1 C:\Users\office1\prove\xampp\htdocs\yii\framework\gii\CCodeGenerator.php(63): ModelGenerator->prepare()
#2 C:\Users\office1\prove\xampp\htdocs\yii\framework\web\actions\CInlineAction.php(49): ModelGenerator->actionIndex()
#3 C:\Users\office1\prove\xampp\htdocs\yii\framework\web\CController.php(308): CInlineAction->runWithParams()
#4 C:\Users\office1\prove\xampp\htdocs\yii\framework\web\CController.php(286): ModelGenerator->runAction()
#5 C:\Users\office1\prove\xampp\htdocs\yii\framework\web\CController.php(265): ModelGenerator->runActionWithFilters()
#6 C:\Users\office1\prove\xampp\htdocs\yii\framework\web\CWebApplication.php(282): ModelGenerator->run()
#7 C:\Users\office1\prove\xampp\htdocs\yii\framework\web\CWebApplication.php(141): CWebApplication->runController()
#8 C:\Users\office1\prove\xampp\htdocs\yii\framework\base\CApplication.php(185): CWebApplication->processRequest()
#9 C:\Users\office1\prove\xampp\htdocs\yii\webapp\index.php(13): CWebApplication->run()
REQUEST_URI=/yii/webapp/index.php/gii/model/index
in C:\Users\office1\prove\xampp\htdocs\yii\webapp\index.php (13)
2018/01/11 17:36:03 [error] [system.db.CDbCommand] CDbCommand::fetchAll() failed: SQLSTATE[42S02]: Base table or view not found: 1146 Table 'testyii.users' doesn't exist. The SQL statement executed was: SHOW FULL COLUMNS FROM `users`.
in C:\Users\office1\prove\xampp\htdocs\yii\webapp\index.php (13)
2018/01/11 17:36:09 [error] [php] count(): Parameter must be an array or an object that implements Countable (C:\Users\office1\prove\xampp\htdocs\yii\framework\gii\generators\model\ModelCode.php:371)
Stack trace:
#0 C:\Users\office1\prove\xampp\htdocs\yii\framework\gii\CCodeGenerator.php(162): ModelCode->prepare()
#1 C:\Users\office1\prove\xampp\htdocs\yii\framework\gii\CCodeGenerator.php(63): ModelGenerator->prepare()
#2 C:\Users\office1\prove\xampp\htdocs\yii\framework\web\actions\CInlineAction.php(49): ModelGenerator->actionIndex()
#3 C:\Users\office1\prove\xampp\htdocs\yii\framework\web\CController.php(308): CInlineAction->runWithParams()
#4 C:\Users\office1\prove\xampp\htdocs\yii\framework\web\CController.php(286): ModelGenerator->runAction()
#5 C:\Users\office1\prove\xampp\htdocs\yii\framework\web\CController.php(265): ModelGenerator->runActionWithFilters()
#6 C:\Users\office1\prove\xampp\htdocs\yii\framework\web\CWebApplication.php(282): ModelGenerator->run()
#7 C:\Users\office1\prove\xampp\htdocs\yii\framework\web\CWebApplication.php(141): CWebApplication->runController()
#8 C:\Users\office1\prove\xampp\htdocs\yii\framework\base\CApplication.php(185): CWebApplication->processRequest()
#9 C:\Users\office1\prove\xampp\htdocs\yii\webapp\index.php(13): CWebApplication->run()
REQUEST_URI=/yii/webapp/index.php/gii/model/index
in C:\Users\office1\prove\xampp\htdocs\yii\webapp\index.php (13)
2018/01/11 17:37:21 [error] [exception.CHttpException.404] CHttpException: Unable to resolve the request "users". in C:\Users\office1\prove\xampp\htdocs\yii\framework\web\CWebApplication.php:286
Stack trace:
#0 C:\Users\office1\prove\xampp\htdocs\yii\framework\web\CWebApplication.php(141): CWebApplication->runController('users')
#1 C:\Users\office1\prove\xampp\htdocs\yii\framework\base\CApplication.php(185): CWebApplication->processRequest()
#2 C:\Users\office1\prove\xampp\htdocs\yii\webapp\index.php(13): CApplication->run()
#3 {main}
REQUEST_URI=/yii/webapp/index.php/users
---
2018/01/11 17:37:48 [error] [exception.CHttpException.404] CHttpException: Unable to resolve the request "w_users". in C:\Users\office1\prove\xampp\htdocs\yii\framework\web\CWebApplication.php:286
Stack trace:
#0 C:\Users\office1\prove\xampp\htdocs\yii\framework\web\CWebApplication.php(141): CWebApplication->runController('w_users')
#1 C:\Users\office1\prove\xampp\htdocs\yii\framework\base\CApplication.php(185): CWebApplication->processRequest()
#2 C:\Users\office1\prove\xampp\htdocs\yii\webapp\index.php(13): CApplication->run()
#3 {main}
REQUEST_URI=/yii/webapp/index.php/w_users
---
2018/01/11 17:37:55 [error] [exception.CHttpException.404] CHttpException: Unable to resolve the request "users". in C:\Users\office1\prove\xampp\htdocs\yii\framework\web\CWebApplication.php:286
Stack trace:
#0 C:\Users\office1\prove\xampp\htdocs\yii\framework\web\CWebApplication.php(141): CWebApplication->runController('users')
#1 C:\Users\office1\prove\xampp\htdocs\yii\framework\base\CApplication.php(185): CWebApplication->processRequest()
#2 C:\Users\office1\prove\xampp\htdocs\yii\webapp\index.php(13): CApplication->run()
#3 {main}
REQUEST_URI=/yii/webapp/index.php/users
---
2018/01/11 17:37:58 [error] [exception.CHttpException.404] CHttpException: Unable to resolve the request "user". in C:\Users\office1\prove\xampp\htdocs\yii\framework\web\CWebApplication.php:286
Stack trace:
#0 C:\Users\office1\prove\xampp\htdocs\yii\framework\web\CWebApplication.php(141): CWebApplication->runController('user')
#1 C:\Users\office1\prove\xampp\htdocs\yii\framework\base\CApplication.php(185): CWebApplication->processRequest()
#2 C:\Users\office1\prove\xampp\htdocs\yii\webapp\index.php(13): CApplication->run()
#3 {main}
REQUEST_URI=/yii/webapp/index.php/user
---
2018/01/11 17:41:19 [error] [exception.CHttpException.404] CHttpException: Unable to resolve the request "userscontroller". in C:\Users\office1\prove\xampp\htdocs\yii\framework\web\CWebApplication.php:286
Stack trace:
#0 C:\Users\office1\prove\xampp\htdocs\yii\framework\web\CWebApplication.php(141): CWebApplication->runController('userscontroller')
#1 C:\Users\office1\prove\xampp\htdocs\yii\framework\base\CApplication.php(185): CWebApplication->processRequest()
#2 C:\Users\office1\prove\xampp\htdocs\yii\webapp\index.php(13): CApplication->run()
#3 {main}
REQUEST_URI=/yii/webapp/index.php/userscontroller
---
2018/01/12 09:52:10 [error] [exception.CHttpException.400] CHttpException: Your request is invalid. in C:\Users\office1\prove\xampp\htdocs\yii\framework\web\CController.php:337
Stack trace:
#0 C:\Users\office1\prove\xampp\htdocs\yii\framework\web\CController.php(309): CController->invalidActionParams(Object(CInlineAction))
#1 C:\Users\office1\prove\xampp\htdocs\yii\framework\web\filters\CFilterChain.php(134): CController->runAction(Object(CInlineAction))
#2 C:\Users\office1\prove\xampp\htdocs\yii\framework\web\filters\CFilter.php(40): CFilterChain->run()
#3 C:\Users\office1\prove\xampp\htdocs\yii\framework\web\CController.php(1148): CFilter->filter(Object(CFilterChain))
#4 C:\Users\office1\prove\xampp\htdocs\yii\framework\web\filters\CInlineFilter.php(58): CController->filterAccessControl(Object(CFilterChain))
#5 C:\Users\office1\prove\xampp\htdocs\yii\framework\web\filters\CFilterChain.php(131): CInlineFilter->filter(Object(CFilterChain))
#6 C:\Users\office1\prove\xampp\htdocs\yii\framework\web\CController.php(291): CFilterChain->run()
#7 C:\Users\office1\prove\xampp\htdocs\yii\framework\web\CController.php(265): CController->runActionWithFilters(Object(CInlineAction), Array)
#8 C:\Users\office1\prove\xampp\htdocs\yii\framework\web\CWebApplication.php(282): CController->run('view')
#9 C:\Users\office1\prove\xampp\htdocs\yii\framework\web\CWebApplication.php(141): CWebApplication->runController('users/view')
#10 C:\Users\office1\prove\xampp\htdocs\yii\framework\base\CApplication.php(185): CWebApplication->processRequest()
#11 C:\Users\office1\prove\xampp\htdocs\yii\webapp\index.php(13): CApplication->run()
#12 {main}
REQUEST_URI=/yii/webapp/index.php/users/view
---
